[35m[1mScanning dependencies of target _hrwros_msgs_generate_messages_check_deps_BoxHeightInformation[0m
[  0%] Built target trajectory_msgs_generate_messages_lisp
[  0%] Built target moveit_msgs_generate_messages_lisp
[  0%] Built target _hrwros_msgs_generate_messages_check_deps_CounterWithDelayAction
[  0%] Built target std_msgs_generate_messages_lisp
[  0%] Built target geometry_msgs_generate_messages_lisp
[  0%] Built target _hrwros_msgs_generate_messages_check_deps_SensorInformation
[  0%] Built target _hrwros_msgs_generate_messages_check_deps_CounterWithDelayResult
[  0%] Built target _hrwros_msgs_generate_messages_check_deps_BoxHeightInformation
[  0%] Built target actionlib_msgs_generate_messages_lisp
[  0%] Built target _hrwros_msgs_generate_messages_check_deps_CounterWithDelayGoal
[  0%] Built target _hrwros_msgs_generate_messages_check_deps_TargetToolPoses
[  0%] Built target _hrwros_msgs_generate_messages_check_deps_CounterWithDelayFeedback
[  0%] Built target _hrwros_msgs_generate_messages_check_deps_RobotTrajectories
[  0%] Built target _hrwros_msgs_generate_messages_check_deps_ObjectDetection
[  0%] Built target std_msgs_generate_messages_py
[  0%] Built target _hrwros_msgs_generate_messages_check_deps_CounterWithDelayActionFeedback
[  0%] Built target geometry_msgs_generate_messages_py
[  0%] Built target _hrwros_msgs_generate_messages_check_deps_ConvertMetresToFeet
[  0%] Built target moveit_msgs_generate_messages_py
[  0%] Built target _hrwros_msgs_generate_messages_check_deps_CounterWithDelayActionGoal
[  0%] Built target _hrwros_msgs_generate_messages_check_deps_CounterWithDelayActionResult
[  0%] Built target actionlib_msgs_generate_messages_py
[  0%] Built target trajectory_msgs_generate_messages_py
[  0%] Built target actionlib_msgs_generate_messages_nodejs
[  0%] Built target moveit_msgs_generate_messages_nodejs
[  0%] Built target trajectory_msgs_generate_messages_nodejs
[  0%] Built target std_msgs_generate_messages_nodejs
[  0%] Built target geometry_msgs_generate_messages_nodejs
[  0%] Built target trajectory_msgs_generate_messages_eus
[  0%] Built target moveit_msgs_generate_messages_eus
[  0%] Built target geometry_msgs_generate_messages_eus
[  0%] Built target std_msgs_generate_messages_eus
[  0%] Built target std_msgs_generate_messages_cpp
[  0%] Built target actionlib_msgs_generate_messages_eus
[  0%] Built target moveit_msgs_generate_messages_cpp
[  0%] Built target actionlib_msgs_generate_messages_cpp
[  0%] Built target trajectory_msgs_generate_messages_cpp
[  0%] Built target geometry_msgs_generate_messages_cpp
[  1%] [34m[1mGenerating Lisp code from hrwros_msgs/CounterWithDelayActionGoal.msg[0m
[  2%] [34m[1mGenerating Lisp code from hrwros_msgs/BoxHeightInformation.msg[0m
[  4%] [34m[1mGenerating Lisp code from hrwros_msgs/CounterWithDelayActionFeedback.msg[0m
[  5%] [34m[1mGenerating Lisp code from hrwros_msgs/CounterWithDelayActionResult.msg[0m
[  7%] [34m[1mGenerating EusLisp code from hrwros_msgs/CounterWithDelayActionFeedback.msg[0m
[  8%] [34m[1mGenerating Python from MSG hrwros_msgs/CounterWithDelayActionFeedback[0m
[ 10%] [34m[1mGenerating Javascript code from hrwros_msgs/CounterWithDelayActionFeedback.msg[0m
[ 11%] [34m[1mGenerating C++ code from hrwros_msgs/CounterWithDelayActionFeedback.msg[0m
[ 13%] [34m[1mGenerating Python from MSG hrwros_msgs/CounterWithDelayActionResult[0m
[ 14%] [34m[1mGenerating C++ code from hrwros_msgs/CounterWithDelayActionResult.msg[0m
[ 16%] [34m[1mGenerating Lisp code from hrwros_msgs/CounterWithDelayAction.msg[0m
[ 17%] [34m[1mGenerating C++ code from hrwros_msgs/BoxHeightInformation.msg[0m
[ 19%] [34m[1mGenerating Javascript code from hrwros_msgs/CounterWithDelayActionResult.msg[0m
[ 20%] [34m[1mGenerating EusLisp code from hrwros_msgs/CounterWithDelayActionResult.msg[0m
[ 32%] Built target hrwros_msgs_generate_messages_lisp
[ 33%] [34m[1mGenerating Javascript code from hrwros_msgs/BoxHeightInformation.msg[0m
[ 35%] [34m[1mGenerating Python from MSG hrwros_msgs/BoxHeightInformation[0m
[ 36%] [34m[1mGenerating Javascript code from hrwros_msgs/CounterWithDelayActionGoal.msg[0m
[ 38%] [34m[1mGenerating C++ code from hrwros_msgs/CounterWithDelayActionGoal.msg[0m
[ 39%] [34m[1mGenerating Javascript code from hrwros_msgs/CounterWithDelayAction.msg[0m
[ 41%] [34m[1mGenerating EusLisp code from hrwros_msgs/BoxHeightInformation.msg[0m
[ 42%] [34m[1mGenerating C++ code from hrwros_msgs/CounterWithDelayAction.msg[0m
[ 44%] [34m[1mGenerating Python from MSG hrwros_msgs/CounterWithDelayActionGoal[0m
[ 45%] [34m[1mGenerating Python from MSG hrwros_msgs/CounterWithDelayAction[0m
[ 47%] [34m[1mGenerating EusLisp code from hrwros_msgs/CounterWithDelayActionGoal.msg[0m
[ 58%] Built target hrwros_msgs_generate_messages_nodejs
[ 60%] [34m[1mGenerating EusLisp code from hrwros_msgs/CounterWithDelayAction.msg[0m
[ 72%] Built target hrwros_msgs_generate_messages_cpp
[ 73%] [34m[1mGenerating Python msg __init__.py for hrwros_msgs[0m
[ 75%] [34m[1mGenerating Python srv __init__.py for hrwros_msgs[0m
[ 88%] Built target hrwros_msgs_generate_messages_eus
[100%] Built target hrwros_msgs_generate_messages_py
[100%] Built target hrwros_msgs_generate_messages
