Determining if the pthread_create exist failed with the following output:
Change Dir: /home/tonigarod/git/MagicBox-ROS/hrwros_ws/build/hrwros_week2/CMakeFiles/CMakeTmp

Run Build Command:"/usr/bin/make" "cmTC_b8685/fast"
/usr/bin/make -f CMakeFiles/cmTC_b8685.dir/build.make CMakeFiles/cmTC_b8685.dir/build
make[1]: Entering directory '/home/tonigarod/git/MagicBox-ROS/hrwros_ws/build/hrwros_week2/CMakeFiles/CMakeTmp'
Building C object CMakeFiles/cmTC_b8685.dir/CheckSymbolExists.c.o
/usr/bin/cc    -o CMakeFiles/cmTC_b8685.dir/CheckSymbolExists.c.o   -c /home/tonigarod/git/MagicBox-ROS/hrwros_ws/build/hrwros_week2/CMakeFiles/CMakeTmp/CheckSymbolExists.c
Linking C executable cmTC_b8685
/usr/bin/cmake -E cmake_link_script CMakeFiles/cmTC_b8685.dir/link.txt --verbose=1
/usr/bin/cc      -rdynamic CMakeFiles/cmTC_b8685.dir/CheckSymbolExists.c.o  -o cmTC_b8685 
CMakeFiles/cmTC_b8685.dir/CheckSymbolExists.c.o: In function `main':
CheckSymbolExists.c:(.text+0x1b): undefined reference to `pthread_create'
collect2: error: ld returned 1 exit status
CMakeFiles/cmTC_b8685.dir/build.make:97: recipe for target 'cmTC_b8685' failed
make[1]: *** [cmTC_b8685] Error 1
make[1]: Leaving directory '/home/tonigarod/git/MagicBox-ROS/hrwros_ws/build/hrwros_week2/CMakeFiles/CMakeTmp'
Makefile:126: recipe for target 'cmTC_b8685/fast' failed
make: *** [cmTC_b8685/fast] Error 2

File /home/tonigarod/git/MagicBox-ROS/hrwros_ws/build/hrwros_week2/CMakeFiles/CMakeTmp/CheckSymbolExists.c:
/* */
#include <pthread.h>

int main(int argc, char** argv)
{
  (void)argv;
#ifndef pthread_create
  return ((int*)(&pthread_create))[argc];
#else
  (void)argc;
  return 0;
#endif
}

Determining if the function pthread_create exists in the pthreads failed with the following output:
Change Dir: /home/tonigarod/git/MagicBox-ROS/hrwros_ws/build/hrwros_week2/CMakeFiles/CMakeTmp

Run Build Command:"/usr/bin/make" "cmTC_9f586/fast"
/usr/bin/make -f CMakeFiles/cmTC_9f586.dir/build.make CMakeFiles/cmTC_9f586.dir/build
make[1]: Entering directory '/home/tonigarod/git/MagicBox-ROS/hrwros_ws/build/hrwros_week2/CMakeFiles/CMakeTmp'
Building C object CMakeFiles/cmTC_9f586.dir/CheckFunctionExists.c.o
/usr/bin/cc   -DCHECK_FUNCTION_EXISTS=pthread_create   -o CMakeFiles/cmTC_9f586.dir/CheckFunctionExists.c.o   -c /usr/share/cmake-3.10/Modules/CheckFunctionExists.c
Linking C executable cmTC_9f586
/usr/bin/cmake -E cmake_link_script CMakeFiles/cmTC_9f586.dir/link.txt --verbose=1
/usr/bin/cc  -DCHECK_FUNCTION_EXISTS=pthread_create    -rdynamic CMakeFiles/cmTC_9f586.dir/CheckFunctionExists.c.o  -o cmTC_9f586 -lpthreads 
/usr/bin/ld: cannot find -lpthreads
collect2: error: ld returned 1 exit status
CMakeFiles/cmTC_9f586.dir/build.make:97: recipe for target 'cmTC_9f586' failed
make[1]: *** [cmTC_9f586] Error 1
make[1]: Leaving directory '/home/tonigarod/git/MagicBox-ROS/hrwros_ws/build/hrwros_week2/CMakeFiles/CMakeTmp'
Makefile:126: recipe for target 'cmTC_9f586/fast' failed
make: *** [cmTC_9f586/fast] Error 2


