Determining if the pthread_create exist failed with the following output:
Change Dir: /home/tonigarod/git/MagicBox-ROS/hrwros_ws/build/catkin_tools_prebuild/CMakeFiles/CMakeTmp

Run Build Command:"/usr/bin/make" "cmTC_cfdaf/fast"
/usr/bin/make -f CMakeFiles/cmTC_cfdaf.dir/build.make CMakeFiles/cmTC_cfdaf.dir/build
make[1]: Entering directory '/home/tonigarod/git/MagicBox-ROS/hrwros_ws/build/catkin_tools_prebuild/CMakeFiles/CMakeTmp'
Building C object CMakeFiles/cmTC_cfdaf.dir/CheckSymbolExists.c.o
/usr/bin/cc    -o CMakeFiles/cmTC_cfdaf.dir/CheckSymbolExists.c.o   -c /home/tonigarod/git/MagicBox-ROS/hrwros_ws/build/catkin_tools_prebuild/CMakeFiles/CMakeTmp/CheckSymbolExists.c
Linking C executable cmTC_cfdaf
/usr/bin/cmake -E cmake_link_script CMakeFiles/cmTC_cfdaf.dir/link.txt --verbose=1
/usr/bin/cc      -rdynamic CMakeFiles/cmTC_cfdaf.dir/CheckSymbolExists.c.o  -o cmTC_cfdaf 
CMakeFiles/cmTC_cfdaf.dir/CheckSymbolExists.c.o: In function `main':
CheckSymbolExists.c:(.text+0x1b): undefined reference to `pthread_create'
collect2: error: ld returned 1 exit status
CMakeFiles/cmTC_cfdaf.dir/build.make:97: recipe for target 'cmTC_cfdaf' failed
make[1]: *** [cmTC_cfdaf] Error 1
make[1]: Leaving directory '/home/tonigarod/git/MagicBox-ROS/hrwros_ws/build/catkin_tools_prebuild/CMakeFiles/CMakeTmp'
Makefile:126: recipe for target 'cmTC_cfdaf/fast' failed
make: *** [cmTC_cfdaf/fast] Error 2

File /home/tonigarod/git/MagicBox-ROS/hrwros_ws/build/catkin_tools_prebuild/CMakeFiles/CMakeTmp/CheckSymbolExists.c:
/* */
#include <pthread.h>

int main(int argc, char** argv)
{
  (void)argv;
#ifndef pthread_create
  return ((int*)(&pthread_create))[argc];
#else
  (void)argc;
  return 0;
#endif
}

Determining if the function pthread_create exists in the pthreads failed with the following output:
Change Dir: /home/tonigarod/git/MagicBox-ROS/hrwros_ws/build/catkin_tools_prebuild/CMakeFiles/CMakeTmp

Run Build Command:"/usr/bin/make" "cmTC_afe8f/fast"
/usr/bin/make -f CMakeFiles/cmTC_afe8f.dir/build.make CMakeFiles/cmTC_afe8f.dir/build
make[1]: Entering directory '/home/tonigarod/git/MagicBox-ROS/hrwros_ws/build/catkin_tools_prebuild/CMakeFiles/CMakeTmp'
Building C object CMakeFiles/cmTC_afe8f.dir/CheckFunctionExists.c.o
/usr/bin/cc   -DCHECK_FUNCTION_EXISTS=pthread_create   -o CMakeFiles/cmTC_afe8f.dir/CheckFunctionExists.c.o   -c /usr/share/cmake-3.10/Modules/CheckFunctionExists.c
Linking C executable cmTC_afe8f
/usr/bin/cmake -E cmake_link_script CMakeFiles/cmTC_afe8f.dir/link.txt --verbose=1
/usr/bin/cc  -DCHECK_FUNCTION_EXISTS=pthread_create    -rdynamic CMakeFiles/cmTC_afe8f.dir/CheckFunctionExists.c.o  -o cmTC_afe8f -lpthreads 
/usr/bin/ld: cannot find -lpthreads
collect2: error: ld returned 1 exit status
CMakeFiles/cmTC_afe8f.dir/build.make:97: recipe for target 'cmTC_afe8f' failed
make[1]: *** [cmTC_afe8f] Error 1
make[1]: Leaving directory '/home/tonigarod/git/MagicBox-ROS/hrwros_ws/build/catkin_tools_prebuild/CMakeFiles/CMakeTmp'
Makefile:126: recipe for target 'cmTC_afe8f/fast' failed
make: *** [cmTC_afe8f/fast] Error 2


